<?xml version="1.0" encoding="UTF-8"?>
<testng-results ignored="0" total="1" passed="1" failed="0" skipped="0">
  <reporter-output>
  </reporter-output>
  <suite started-at="2021-04-26T00:34:43 IST" name="Suite" finished-at="2021-04-26T00:36:43 IST" duration-ms="119582">
    <groups>
    </groups>
    <test started-at="2021-04-26T00:34:43 IST" name="Test" finished-at="2021-04-26T00:36:43 IST" duration-ms="119582">
      <class name="sanbox.SanBoxAutomation.LoginPage">
        <test-method is-config="true" signature="openBrowser()[pri:0, instance:sanbox.SanBoxAutomation.LoginPage@4e7912d8]" started-at="2021-04-26T00:34:43 IST" name="openBrowser" finished-at="2021-04-26T00:35:04 IST" duration-ms="20588" status="PASS">
          <reporter-output>
          </reporter-output>
        </test-method> <!-- openBrowser -->
        <test-method signature="login()[pri:0, instance:sanbox.SanBoxAutomation.LoginPage@4e7912d8]" started-at="2021-04-26T00:35:04 IST" name="login" finished-at="2021-04-26T00:36:27 IST" duration-ms="83554" status="PASS">
          <reporter-output>
          </reporter-output>
        </test-method> <!-- login -->
        <test-method is-config="true" signature="closeBrowser()[pri:0, instance:sanbox.SanBoxAutomation.LoginPage@4e7912d8]" started-at="2021-04-26T00:36:27 IST" name="closeBrowser" finished-at="2021-04-26T00:36:43 IST" duration-ms="15350" status="PASS">
          <reporter-output>
          </reporter-output>
        </test-method> <!-- closeBrowser -->
      </class> <!-- sanbox.SanBoxAutomation.LoginPage -->
    </test> <!-- Test -->
  </suite> <!-- Suite -->
</testng-results>
